This is pdfTeX, Version 3.14159265-2.6-1.40.20 (TeX Live 2019/Debian) (preloaded format=pdflatex 2020.10.25)  29 MAY 2021 19:56
entering extended mode
 restricted \write18 enabled.
 file:line:error style messages enabled.
 %&-line parsing enabled.
**/home/beast/Documents/NotSchool/freelance/Snake&Ladders/TemplateTex/assignment1_report.tex
(/home/beast/Documents/NotSchool/freelance/Snake&Ladders/TemplateTex/assignment1_report.tex
LaTeX2e <2020-02-02> patch level 2
L3 programming layer <2020-02-14> (/usr/share/texlive/texmf-dist/tex/latex/l3backend/l3backend-pdfmode.def
File: l3backend-pdfmode.def 2020-02-03 L3 backend support: PDF mode
\l__kernel_color_stack_int=\count167
\l__pdf_internal_box=\box45
) (/home/beast/Documents/NotSchool/freelance/Snake&Ladders/TemplateTex/assignment1_report.aux)
\openout1 = `assignment1_report.aux'.

LaTeX Font Info:    Checking defaults for OML/cmm/m/it on input line 2.
LaTeX Font Info:    ... okay on input line 2.
LaTeX Font Info:    Checking defaults for OMS/cmsy/m/n on input line 2.
LaTeX Font Info:    ... okay on input line 2.
LaTeX Font Info:    Checking defaults for OT1/cmr/m/n on input line 2.
LaTeX Font Info:    ... okay on input line 2.
LaTeX Font Info:    Checking defaults for T1/cmr/m/n on input line 2.
LaTeX Font Info:    ... okay on input line 2.
LaTeX Font Info:    Checking defaults for TS1/cmr/m/n on input line 2.
LaTeX Font Info:    ... okay on input line 2.
LaTeX Font Info:    Checking defaults for OMX/cmex/m/n on input line 2.
LaTeX Font Info:    ... okay on input line 2.
LaTeX Font Info:    Checking defaults for U/cmr/m/n on input line 2.
LaTeX Font Info:    ... okay on input line 2.


/home/beast/Documents/NotSchool/freelance/Snake&Ladders/TemplateTex/assignment1_report.tex:2: LaTeX Error: The font size command \normalsize is not defined:
               there is probably something wrong with the class file.

See the LaTeX manual or LaTeX Companion for explanation.
Type  H <return>  for immediate help.
 ...                                              
                                                  
l.2 \begin{document}
                    
Your command was ignored.
Type  I <command> <return>  to replace it with another command,
or  <return>  to continue without it.

/home/beast/Documents/NotSchool/freelance/Snake&Ladders/TemplateTex/assignment1_report.tex:6: Undefined control sequence.
l.6 \maketitle
              
The control sequence at the end of the top line
of your error message was never \def'ed. If you have
misspelled it (e.g., `\hobx'), type `I' and the correct
spelling (e.g., `I\hbox'). Otherwise just continue,
and I'll forget about whatever was undefined.

/home/beast/Documents/NotSchool/freelance/Snake&Ladders/TemplateTex/assignment1_report.tex:8: Undefined control sequence.
<argument> \undefinedpagestyle 
                               
l.8 \pagestyle{fancy}
                     
The control sequence at the end of the top line
of your error message was never \def'ed. If you have
misspelled it (e.g., `\hobx'), type `I' and the correct
spelling (e.g., `I\hbox'). Otherwise just continue,
and I'll forget about whatever was undefined.

/home/beast/Documents/NotSchool/freelance/Snake&Ladders/TemplateTex/assignment1_report.tex:9: Undefined control sequence.
l.9 \fancyhf
            {}
The control sequence at the end of the top line
of your error message was never \def'ed. If you have
misspelled it (e.g., `\hobx'), type `I' and the correct
spelling (e.g., `I\hbox'). Otherwise just continue,
and I'll forget about whatever was undefined.

/home/beast/Documents/NotSchool/freelance/Snake&Ladders/TemplateTex/assignment1_report.tex:11: Undefined control sequence.
l.11 \fancyhead
               [R]{\thepage}
The control sequence at the end of the top line
of your error message was never \def'ed. If you have
misspelled it (e.g., `\hobx'), type `I' and the correct
spelling (e.g., `I\hbox'). Otherwise just continue,
and I'll forget about whatever was undefined.

/home/beast/Documents/NotSchool/freelance/Snake&Ladders/TemplateTex/assignment1_report.tex:11: Undefined control sequence.
l.11 \fancyhead[R]{\thepage
                           }
The control sequence at the end of the top line
of your error message was never \def'ed. If you have
misspelled it (e.g., `\hobx'), type `I' and the correct
spelling (e.g., `I\hbox'). Otherwise just continue,
and I'll forget about whatever was undefined.

/home/beast/Documents/NotSchool/freelance/Snake&Ladders/TemplateTex/assignment1_report.tex:12: Undefined control sequence.
l.12 \fancyhead
               [L]{ELEN2004/ELEN2020 Software Development I Assignment}
The control sequence at the end of the top line
of your error message was never \def'ed. If you have
misspelled it (e.g., `\hobx'), type `I' and the correct
spelling (e.g., `I\hbox'). Otherwise just continue,
and I'll forget about whatever was undefined.


/home/beast/Documents/NotSchool/freelance/Snake&Ladders/TemplateTex/assignment1_report.tex:16: LaTeX Error: The font size command \normalsize is not defined:
               there is probably something wrong with the class file.

See the LaTeX manual or LaTeX Companion for explanation.
Type  H <return>  for immediate help.
 ...                                              
                                                  
l.16 \newpage
             
Your command was ignored.
Type  I <command> <return>  to replace it with another command,
or  <return>  to continue without it.

[1{/var/lib/texmf/fonts/map/pdftex/updmap/pdftex.map}]
/home/beast/Documents/NotSchool/freelance/Snake&Ladders/TemplateTex/assignment1_report.tex:21: Undefined control sequence.
l.21 		\section
               *{Abstract}
The control sequence at the end of the top line
of your error message was never \def'ed. If you have
misspelled it (e.g., `\hobx'), type `I' and the correct
spelling (e.g., `I\hbox'). Otherwise just continue,
and I'll forget about whatever was undefined.

LaTeX Font Info:    External font `cmex10' loaded for size
(Font)              <7> on input line 24.
LaTeX Font Info:    External font `cmex10' loaded for size
(Font)              <5> on input line 24.

/home/beast/Documents/NotSchool/freelance/Snake&Ladders/TemplateTex/assignment1_report.tex:29: LaTeX Error: The font size command \normalsize is not defined:
               there is probably something wrong with the class file.

See the LaTeX manual or LaTeX Companion for explanation.
Type  H <return>  for immediate help.
 ...                                              
                                                  
l.29 \newpage
             
Your command was ignored.
Type  I <command> <return>  to replace it with another command,
or  <return>  to continue without it.

[2]
/home/beast/Documents/NotSchool/freelance/Snake&Ladders/TemplateTex/assignment1_report.tex:30: Undefined control sequence.
l.30 \tableofcontents
                     
The control sequence at the end of the top line
of your error message was never \def'ed. If you have
misspelled it (e.g., `\hobx'), type `I' and the correct
spelling (e.g., `I\hbox'). Otherwise just continue,
and I'll forget about whatever was undefined.


/home/beast/Documents/NotSchool/freelance/Snake&Ladders/TemplateTex/assignment1_report.tex:39: LaTeX Error: The font size command \normalsize is not defined:
               there is probably something wrong with the class file.

See the LaTeX manual or LaTeX Companion for explanation.
Type  H <return>  for immediate help.
 ...                                              
                                                  
l.39 \newpage
             
Your command was ignored.
Type  I <command> <return>  to replace it with another command,
or  <return>  to continue without it.

[1]
/home/beast/Documents/NotSchool/freelance/Snake&Ladders/TemplateTex/assignment1_report.tex:40: Undefined control sequence.
l.40 \section
             *{Introduction}
The control sequence at the end of the top line
of your error message was never \def'ed. If you have
misspelled it (e.g., `\hobx'), type `I' and the correct
spelling (e.g., `I\hbox'). Otherwise just continue,
and I'll forget about whatever was undefined.

/home/beast/Documents/NotSchool/freelance/Snake&Ladders/TemplateTex/assignment1_report.tex:42: Undefined control sequence.
l.42 \subsection
                *{Snakes And Ladders}
The control sequence at the end of the top line
of your error message was never \def'ed. If you have
misspelled it (e.g., `\hobx'), type `I' and the correct
spelling (e.g., `I\hbox'). Otherwise just continue,
and I'll forget about whatever was undefined.


Underfull \hbox (badness 10000) in paragraph at lines 40--47

 []

/home/beast/Documents/NotSchool/freelance/Snake&Ladders/TemplateTex/assignment1_report.tex:48: Undefined control sequence.
l.48 \section
             *{Board and Game Design}
The control sequence at the end of the top line
of your error message was never \def'ed. If you have
misspelled it (e.g., `\hobx'), type `I' and the correct
spelling (e.g., `I\hbox'). Otherwise just continue,
and I'll forget about whatever was undefined.

/home/beast/Documents/NotSchool/freelance/Snake&Ladders/TemplateTex/assignment1_report.tex:52: Undefined control sequence.
l.52 \subsection
                *{Possible game termination outcomes}
The control sequence at the end of the top line
of your error message was never \def'ed. If you have
misspelled it (e.g., `\hobx'), type `I' and the correct
spelling (e.g., `I\hbox'). Otherwise just continue,
and I'll forget about whatever was undefined.

/home/beast/Documents/NotSchool/freelance/Snake&Ladders/TemplateTex/assignment1_report.tex:56: Undefined control sequence.
l.56 \subsection
                *{Considerations of design}
The control sequence at the end of the top line
of your error message was never \def'ed. If you have
misspelled it (e.g., `\hobx'), type `I' and the correct
spelling (e.g., `I\hbox'). Otherwise just continue,
and I'll forget about whatever was undefined.

/home/beast/Documents/NotSchool/freelance/Snake&Ladders/TemplateTex/assignment1_report.tex:60: Undefined control sequence.
l.60 \subsection
                *{The Solution}
The control sequence at the end of the top line
of your error message was never \def'ed. If you have
misspelled it (e.g., `\hobx'), type `I' and the correct
spelling (e.g., `I\hbox'). Otherwise just continue,
and I'll forget about whatever was undefined.

/home/beast/Documents/NotSchool/freelance/Snake&Ladders/TemplateTex/assignment1_report.tex:83: Undefined control sequence.
l.83 \section
             *{Results}
The control sequence at the end of the top line
of your error message was never \def'ed. If you have
misspelled it (e.g., `\hobx'), type `I' and the correct
spelling (e.g., `I\hbox'). Otherwise just continue,
and I'll forget about whatever was undefined.

/home/beast/Documents/NotSchool/freelance/Snake&Ladders/TemplateTex/assignment1_report.tex:87: Undefined control sequence.
l.87 \subsection
                *{Results on boards designed from the student number}
The control sequence at the end of the top line
of your error message was never \def'ed. If you have
misspelled it (e.g., `\hobx'), type `I' and the correct
spelling (e.g., `I\hbox'). Otherwise just continue,
and I'll forget about whatever was undefined.

/home/beast/Documents/NotSchool/freelance/Snake&Ladders/TemplateTex/assignment1_report.tex:90: Undefined control sequence.
<recently read> \includegraphics 
                                 
l.90 \includegraphics
                     [scale=0.5]{threeOrig.png}\\\\
The control sequence at the end of the top line
of your error message was never \def'ed. If you have
misspelled it (e.g., `\hobx'), type `I' and the correct
spelling (e.g., `I\hbox'). Otherwise just continue,
and I'll forget about whatever was undefined.

/home/beast/Documents/NotSchool/freelance/Snake&Ladders/TemplateTex/assignment1_report.tex:92: Undefined control sequence.
<recently read> \includegraphics 
                                 
l.92 \includegraphics
                     [scale=0.5]{sixOrig.png}\\
The control sequence at the end of the top line
of your error message was never \def'ed. If you have
misspelled it (e.g., `\hobx'), type `I' and the correct
spelling (e.g., `I\hbox'). Otherwise just continue,
and I'll forget about whatever was undefined.


Underfull \hbox (badness 10000) in paragraph at lines 87--93

 []


Underfull \hbox (badness 10000) in paragraph at lines 87--93

 []


Underfull \hbox (badness 10000) in paragraph at lines 87--93

 []

/home/beast/Documents/NotSchool/freelance/Snake&Ladders/TemplateTex/assignment1_report.tex:94: Undefined control sequence.
l.94 \subsection
                *{Results on boards designed to test conditions of winning}
The control sequence at the end of the top line
of your error message was never \def'ed. If you have
misspelled it (e.g., `\hobx'), type `I' and the correct
spelling (e.g., `I\hbox'). Otherwise just continue,
and I'll forget about whatever was undefined.

/home/beast/Documents/NotSchool/freelance/Snake&Ladders/TemplateTex/assignment1_report.tex:97: Undefined control sequence.
<recently read> \includegraphics 
                                 
l.97 \includegraphics
                     [scale=0.45]{three.png}\\
The control sequence at the end of the top line
of your error message was never \def'ed. If you have
misspelled it (e.g., `\hobx'), type `I' and the correct
spelling (e.g., `I\hbox'). Otherwise just continue,
and I'll forget about whatever was undefined.

/home/beast/Documents/NotSchool/freelance/Snake&Ladders/TemplateTex/assignment1_report.tex:98: Undefined control sequence.
<recently read> \includegraphics 
                                 
l.98 \includegraphics
                     [scale=0.45]{six.png}\\
The control sequence at the end of the top line
of your error message was never \def'ed. If you have
misspelled it (e.g., `\hobx'), type `I' and the correct
spelling (e.g., `I\hbox'). Otherwise just continue,
and I'll forget about whatever was undefined.

/home/beast/Documents/NotSchool/freelance/Snake&Ladders/TemplateTex/assignment1_report.tex:101: Undefined control sequence.
l.101 \section
              *{Discussion}
The control sequence at the end of the top line
of your error message was never \def'ed. If you have
misspelled it (e.g., `\hobx'), type `I' and the correct
spelling (e.g., `I\hbox'). Otherwise just continue,
and I'll forget about whatever was undefined.

/home/beast/Documents/NotSchool/freelance/Snake&Ladders/TemplateTex/assignment1_report.tex:103: Undefined control sequence.
l.103 \subsection
                 *{The Approach}
The control sequence at the end of the top line
of your error message was never \def'ed. If you have
misspelled it (e.g., `\hobx'), type `I' and the correct
spelling (e.g., `I\hbox'). Otherwise just continue,
and I'll forget about whatever was undefined.

/home/beast/Documents/NotSchool/freelance/Snake&Ladders/TemplateTex/assignment1_report.tex:106: Undefined control sequence.
l.106 \subsection
                 *{The Solution}
The control sequence at the end of the top line
of your error message was never \def'ed. If you have
misspelled it (e.g., `\hobx'), type `I' and the correct
spelling (e.g., `I\hbox'). Otherwise just continue,
and I'll forget about whatever was undefined.

/home/beast/Documents/NotSchool/freelance/Snake&Ladders/TemplateTex/assignment1_report.tex:109: Undefined control sequence.
l.109 \subsection
                 *{Improvements and Validations}
The control sequence at the end of the top line
of your error message was never \def'ed. If you have
misspelled it (e.g., `\hobx'), type `I' and the correct
spelling (e.g., `I\hbox'). Otherwise just continue,
and I'll forget about whatever was undefined.


Underfull \hbox (badness 10000) in paragraph at lines 101--114

 []

/home/beast/Documents/NotSchool/freelance/Snake&Ladders/TemplateTex/assignment1_report.tex:115: Undefined control sequence.
l.115 \section
              *{Conclusion}
The control sequence at the end of the top line
of your error message was never \def'ed. If you have
misspelled it (e.g., `\hobx'), type `I' and the correct
spelling (e.g., `I\hbox'). Otherwise just continue,
and I'll forget about whatever was undefined.


/home/beast/Documents/NotSchool/freelance/Snake&Ladders/TemplateTex/assignment1_report.tex:119: LaTeX Error: The font size command \normalsize is not defined:
               there is probably something wrong with the class file.

See the LaTeX manual or LaTeX Companion for explanation.
Type  H <return>  for immediate help.
 ...                                              
                                                  
l.119 \newpage
              
Your command was ignored.
Type  I <command> <return>  to replace it with another command,
or  <return>  to continue without it.

[2]
/home/beast/Documents/NotSchool/freelance/Snake&Ladders/TemplateTex/assignment1_report.tex:120: Undefined control sequence.
l.120 \section
              *{References}
The control sequence at the end of the top line
of your error message was never \def'ed. If you have
misspelled it (e.g., `\hobx'), type `I' and the correct
spelling (e.g., `I\hbox'). Otherwise just continue,
and I'll forget about whatever was undefined.

/home/beast/Documents/NotSchool/freelance/Snake&Ladders/TemplateTex/assignment1_report.tex:123: Undefined control sequence.
l.123 [1] \ \ \ \ \ \ \ \ \ \ \   \href
                                       {https://www.crazygames.com/game/snak...
The control sequence at the end of the top line
of your error message was never \def'ed. If you have
misspelled it (e.g., `\hobx'), type `I' and the correct
spelling (e.g., `I\hbox'). Otherwise just continue,
and I'll forget about whatever was undefined.

/home/beast/Documents/NotSchool/freelance/Snake&Ladders/TemplateTex/assignment1_report.tex:125: Undefined control sequence.
l.125 [2] \ \ \ \ \ \ \ \ \ \ \   \href
                                       {https://geeksforgeeks.org}{Geeks For...
The control sequence at the end of the top line
of your error message was never \def'ed. If you have
misspelled it (e.g., `\hobx'), type `I' and the correct
spelling (e.g., `I\hbox'). Otherwise just continue,
and I'll forget about whatever was undefined.

/home/beast/Documents/NotSchool/freelance/Snake&Ladders/TemplateTex/assignment1_report.tex:127: Undefined control sequence.
l.127 [3] \ \ \ \ \ \ \ \ \ \ \   \href
                                       {https://Stackoverflow.com}{Stack Ove...
The control sequence at the end of the top line
of your error message was never \def'ed. If you have
misspelled it (e.g., `\hobx'), type `I' and the correct
spelling (e.g., `I\hbox'). Otherwise just continue,
and I'll forget about whatever was undefined.

/home/beast/Documents/NotSchool/freelance/Snake&Ladders/TemplateTex/assignment1_report.tex:129: Undefined control sequence.
l.129 [4] \ \ \ \ \ \ \ \ \ \ \   \href
                                       {https://www.programiz.com/cpp-progra...
The control sequence at the end of the top line
of your error message was never \def'ed. If you have
misspelled it (e.g., `\hobx'), type `I' and the correct
spelling (e.g., `I\hbox'). Otherwise just continue,
and I'll forget about whatever was undefined.

/home/beast/Documents/NotSchool/freelance/Snake&Ladders/TemplateTex/assignment1_report.tex:131: Undefined control sequence.
l.131 [5] \ \ \ \ \ \ \ \ \ \ \   \href
                                       {http://www.cplusplus.com/reference/}...
The control sequence at the end of the top line
of your error message was never \def'ed. If you have
misspelled it (e.g., `\hobx'), type `I' and the correct
spelling (e.g., `I\hbox'). Otherwise just continue,
and I'll forget about whatever was undefined.


/home/beast/Documents/NotSchool/freelance/Snake&Ladders/TemplateTex/assignment1_report.tex:133: LaTeX Error: The font size command \normalsize is not defined:
               there is probably something wrong with the class file.

See the LaTeX manual or LaTeX Companion for explanation.
Type  H <return>  for immediate help.
 ...                                              
                                                  
l.133 \newpage
              
Your command was ignored.
Type  I <command> <return>  to replace it with another command,
or  <return>  to continue without it.

[3]
/home/beast/Documents/NotSchool/freelance/Snake&Ladders/TemplateTex/assignment1_report.tex:134: Undefined control sequence.
l.134 \section
              *{Appendix}
The control sequence at the end of the top line
of your error message was never \def'ed. If you have
misspelled it (e.g., `\hobx'), type `I' and the correct
spelling (e.g., `I\hbox'). Otherwise just continue,
and I'll forget about whatever was undefined.

/home/beast/Documents/NotSchool/freelance/Snake&Ladders/TemplateTex/assignment1_report.tex:137: Undefined control sequence.
l.137 \subsection
                 *{A: Project Time Management}
The control sequence at the end of the top line
of your error message was never \def'ed. If you have
misspelled it (e.g., `\hobx'), type `I' and the correct
spelling (e.g., `I\hbox'). Otherwise just continue,
and I'll forget about whatever was undefined.


/home/beast/Documents/NotSchool/freelance/Snake&Ladders/TemplateTex/assignment1_report.tex:140: LaTeX Error: The font size command \normalsize is not defined:
               there is probably something wrong with the class file.

See the LaTeX manual or LaTeX Companion for explanation.
Type  H <return>  for immediate help.
 ...                                              
                                                  
l.140 \newpage
              
Your command was ignored.
Type  I <command> <return>  to replace it with another command,
or  <return>  to continue without it.

[4]
/home/beast/Documents/NotSchool/freelance/Snake&Ladders/TemplateTex/assignment1_report.tex:141: Undefined control sequence.
l.141 \subsubsection
                    *{B: Flow Chart}
The control sequence at the end of the top line
of your error message was never \def'ed. If you have
misspelled it (e.g., `\hobx'), type `I' and the correct
spelling (e.g., `I\hbox'). Otherwise just continue,
and I'll forget about whatever was undefined.

/home/beast/Documents/NotSchool/freelance/Snake&Ladders/TemplateTex/assignment1_report.tex:143: Undefined control sequence.
l.143 \includegraphics
                      [scale=0.5]{SnL.png}
The control sequence at the end of the top line
of your error message was never \def'ed. If you have
misspelled it (e.g., `\hobx'), type `I' and the correct
spelling (e.g., `I\hbox'). Otherwise just continue,
and I'll forget about whatever was undefined.


/home/beast/Documents/NotSchool/freelance/Snake&Ladders/TemplateTex/assignment1_report.tex:147: LaTeX Error: The font size command \normalsize is not defined:
               there is probably something wrong with the class file.

See the LaTeX manual or LaTeX Companion for explanation.
Type  H <return>  for immediate help.
 ...                                              
                                                  
l.147 \end{document}
                    
Your command was ignored.
Type  I <command> <return>  to replace it with another command,
or  <return>  to continue without it.

[5] (/home/beast/Documents/NotSchool/freelance/Snake&Ladders/TemplateTex/assignment1_report.aux) ) 
Here is how much of TeX's memory you used:
 172 strings out of 481239
 4950 string characters out of 5920376
 253563 words of memory out of 5000000
 15527 multiletter control sequences out of 15000+600000
 532992 words of font info for 26 fonts, out of 8000000 for 9000
 1141 hyphenation exceptions out of 8191
 20i,4n,19p,1920b,132s stack positions out of 5000i,500n,10000p,200000b,80000s
</usr/share/texlive/texmf-dist/fonts/type1/public/amsfonts/cm/cmbx10.pfb></usr/share/texlive/texmf-dist/fonts/type1/public/amsfonts/cm/cmmi10.pfb></usr/share/texlive/texmf-dist/fonts/type1/public/amsfonts/cm/cmr10.pfb></usr/share/texlive/texmf-dist/fonts/type1/public/amsfonts/cm/cmti10.pfb>
Output written on /home/beast/Documents/NotSchool/freelance/Snake&Ladders/TemplateTex/assignment1_report.pdf (7 pages, 68662 bytes).
PDF statistics:
 44 PDF objects out of 1000 (max. 8388607)
 30 compressed objects within 1 object stream
 0 named destinations out of 1000 (max. 500000)
 1 words of extra memory for PDF output out of 10000 (max. 10000000)

