\BOOKMARK [1][-]{section*.1}{Abstract}{}% 1
\BOOKMARK [1][-]{section*.3}{Introduction}{}% 2
\BOOKMARK [2][-]{section*.4}{Snakes And Ladders}{section*.3}% 3
\BOOKMARK [1][-]{section*.5}{Board and Game Design}{}% 4
\BOOKMARK [2][-]{section*.6}{Termination outcomes}{section*.5}% 5
\BOOKMARK [2][-]{section*.7}{Considerations of design}{section*.5}% 6
\BOOKMARK [2][-]{section*.8}{The Solution}{section*.5}% 7
\BOOKMARK [3][-]{section*.9}{Object Oriented Design}{section*.8}% 8
\BOOKMARK [3][-]{section*.9}{The Three Phases}{section*.8}% 9
\BOOKMARK [1][-]{section*.10}{Results}{}% 10
\BOOKMARK [2][-]{section*.11}{Student Number designed boards}{section*.10}% 11
\BOOKMARK [2][-]{section*.12}{Testing purpose designed boards}{section*.10}% 12
\BOOKMARK [1][-]{section*.13}{Discussion}{}% 13
\BOOKMARK [2][-]{section*.14}{The Approach}{section*.13}% 14
\BOOKMARK [2][-]{section*.15}{The Solution}{section*.13}% 15
\BOOKMARK [2][-]{section*.16}{Improvements and Validations}{section*.13}% 16
\BOOKMARK [1][-]{section*.17}{Conclusion}{}% 17
\BOOKMARK [1][-]{section*.18}{References}{}% 18
\BOOKMARK [1][-]{section*.19}{Appendix}{}% 19
\BOOKMARK [2][-]{section*.20}{A: Project Time Management}{section*.19}% 20
\BOOKMARK [2][-]{section*.23}{B: Flow Chart}{section*.19}% 21
